[11:41:49] 지점정보 없음 (지역: 강원, 상세지역: 정선군)                                                     main.py:223
[11:44:12] 지점정보 INSERT (지역: 경기, 상세지역: 고양시)                                                   main.py:226
[11:44:48] 지점정보 INSERT (지역: 경기, 상세지역: 양주시)                                                   main.py:226
[11:45:23] 지점정보 INSERT (지역: 경기, 상세지역: 동두천)                                                   main.py:226
[11:45:46] 지점정보 INSERT (지역: 경기, 상세지역: 포천시)                                                   main.py:226
[11:48:10] 지점정보 INSERT (지역: 경기, 상세지역: 의정부)                                                   main.py:226
[11:50:47] 지점정보 INSERT (지역: 경기, 상세지역: 남양주시)                                                 main.py:226
[11:51:22] 지점정보 INSERT (지역: 경기, 상세지역: 구리시)                                                   main.py:226
[11:51:45] 지점정보 INSERT (지역: 경기, 상세지역: 가평군)                                                   main.py:226
[11:52:21] 지점정보 INSERT (지역: 경기, 상세지역: 하남시)                                                   main.py:226
[11:56:24] 지점정보 INSERT (지역: 경기, 상세지역: 부천시)                                                   main.py:226
[11:59:02] 지점정보 INSERT (지역: 경기, 상세지역: 광명시)                                                   main.py:226
[12:00:34] 지점정보 INSERT (지역: 경기, 상세지역: 시흥시)                                                   main.py:226
[12:04:31] 지점정보 INSERT (지역: 경기, 상세지역: 안산시)                                                   main.py:226
[12:08:48] 지점정보 INSERT (지역: 경기, 상세지역: 안양시)                                                   main.py:226
[12:09:09] 지점정보 INSERT (지역: 경기, 상세지역: 과천시)                                                   main.py:226
[12:10:24] 지점정보 INSERT (지역: 경기, 상세지역: 군포시)                                                   main.py:226
[12:11:00] 지점정보 INSERT (지역: 경기, 상세지역: 의왕시)                                                   main.py:226
[12:17:56] 지점정보 INSERT (지역: 경기, 상세지역: 성남시)                                                   main.py:226
[12:18:46] 지점정보 INSERT (지역: 경기, 상세지역: 광주시)                                                   main.py:226
[12:19:08] 지점정보 INSERT (지역: 경기, 상세지역: 양평군)                                                   main.py:226
[12:22:24] 지점정보 INSERT (지역: 경기, 상세지역: 화성시)                                                   main.py:226
[12:29:06] 지점정보 INSERT (지역: 경기, 상세지역: 수원시)                                                   main.py:226
[12:29:42] 지점정보 INSERT (지역: 경기, 상세지역: 오산시)                                                   main.py:226
[12:31:37] 지점정보 INSERT (지역: 경기, 상세지역: 용인시)                                                   main.py:226
